2026-04-29 10:14:35 - [32msrc.api.main[0m - [32mINFO[0m - lifespan:33 - {"version": "1.0.0", "event": "AirSense API starting up", "logger": "src.api.main", "level": "info", "timestamp": "2026-04-29T07:14:35.239767Z"}
2026-04-29 10:14:35 - [32msrc.data.processor[0m - [32mINFO[0m - _create_spark_session:59 - {"config": {"spark.app.name": "AirSense", "spark.sql.adaptive.enabled": "true", "spark.sql.adaptive.coalescePartitions.enabled": "true", "spark.sql.adaptive.advisoryPartitionSizeInBytes": "128MB", "spark.sql.execution.arrow.pyspark.enabled": "true", "spark.serializer": "org.apache.spark.serializer.KryoSerializer", "spark.executor.memory": "4g", "spark.driver.memory": "2g", "spark.executor.cores": "2"}, "event": "Creating Spark session", "logger": "src.data.processor", "level": "info", "timestamp": "2026-04-29T07:14:35.255949Z"}
2026-04-29 10:14:36 - [31msrc.data.processor[0m - [31mERROR[0m - _create_spark_session:76 - {"error": "[JAVA_GATEWAY_EXITED] Java gateway process exited before sending its port number.", "event": "Failed to create Spark session", "logger": "src.data.processor", "level": "error", "timestamp": "2026-04-29T07:14:36.361350Z"}
2026-04-29 10:14:36 - [31msrc.api.main[0m - [31mERROR[0m - initialize_components:78 - {"error": "Failed to create Spark session: [JAVA_GATEWAY_EXITED] Java gateway process exited before sending its port number.", "event": "Component initialization failed", "logger": "src.api.main", "level": "error", "timestamp": "2026-04-29T07:14:36.362288Z"}
2026-04-29 10:14:36 - [31msrc.api.main[0m - [31mERROR[0m - lifespan:43 - {"error": "Failed to create Spark session: [JAVA_GATEWAY_EXITED] Java gateway process exited before sending its port number.", "event": "Failed to initialize AirSense API", "logger": "src.api.main", "level": "error", "timestamp": "2026-04-29T07:14:36.365627Z"}
2026-04-29 11:16:30 - [32msrc.api.main[0m - [32mINFO[0m - lifespan:33 - {"version": "1.0.0", "event": "AirSense API starting up", "logger": "src.api.main", "level": "info", "timestamp": "2026-04-29T11:16:30.545360Z"}
2026-04-29 11:16:30 - [32msrc.api.main[0m - [32mINFO[0m - initialize_components:71 - {"event": "TimeSeriesForecaster initialized", "logger": "src.api.main", "level": "info", "timestamp": "2026-04-29T11:16:30.546094Z"}
2026-04-29 11:16:30 - [32msrc.data.processor[0m - [32mINFO[0m - _create_spark_session:59 - {"config": {"spark.app.name": "AirSense", "spark.sql.adaptive.enabled": "true", "spark.sql.adaptive.coalescePartitions.enabled": "true", "spark.sql.adaptive.advisoryPartitionSizeInBytes": "128MB", "spark.sql.execution.arrow.pyspark.enabled": "true", "spark.serializer": "org.apache.spark.serializer.KryoSerializer", "spark.executor.memory": "4g", "spark.driver.memory": "2g", "spark.executor.cores": "2"}, "event": "Creating Spark session", "logger": "src.data.processor", "level": "info", "timestamp": "2026-04-29T11:16:30.546321Z"}
2026-04-29 11:16:47 - [32msrc.data.processor[0m - [32mINFO[0m - _create_spark_session:72 - {"event": "Spark session created successfully", "logger": "src.data.processor", "level": "info", "timestamp": "2026-04-29T11:16:47.196380Z"}
2026-04-29 11:16:47 - [32msrc.api.main[0m - [32mINFO[0m - initialize_components:80 - {"event": "SparkDataProcessor initialized", "logger": "src.api.main", "level": "info", "timestamp": "2026-04-29T11:16:47.197224Z"}
2026-04-29 11:16:47 - [32msrc.api.main[0m - [32mINFO[0m - initialize_components:89 - {"event": "Components initialized successfully", "logger": "src.api.main", "level": "info", "timestamp": "2026-04-29T11:16:47.197504Z"}
2026-04-29 11:16:47 - [32msrc.api.main[0m - [32mINFO[0m - lifespan:38 - {"event": "AirSense API startup completed", "logger": "src.api.main", "level": "info", "timestamp": "2026-04-29T11:16:47.197751Z"}
2026-04-29 11:19:47 - [32msrc.api.main[0m - [32mINFO[0m - log_requests:122 - {"method": "GET", "url": "http://127.0.0.1:8000/", "client_ip": "127.0.0.1", "event": "Request started", "logger": "src.api.main", "level": "info", "timestamp": "2026-04-29T11:19:47.525393Z"}
2026-04-29 11:19:47 - [32msrc.api.main[0m - [32mINFO[0m - log_requests:134 - {"method": "GET", "url": "http://127.0.0.1:8000/", "status_code": 200, "process_time": 0.0012524127960205078, "event": "Request completed", "logger": "src.api.main", "level": "info", "timestamp": "2026-04-29T11:19:47.526604Z"}
2026-04-29 11:21:15 - [32msrc.api.main[0m - [32mINFO[0m - log_requests:122 - {"method": "GET", "url": "http://localhost:8000/health", "client_ip": "127.0.0.1", "event": "Request started", "logger": "src.api.main", "level": "info", "timestamp": "2026-04-29T11:21:15.649947Z"}
2026-04-29 11:21:15 - [32msrc.api.main[0m - [32mINFO[0m - log_requests:134 - {"method": "GET", "url": "http://localhost:8000/health", "status_code": 200, "process_time": 0.0031898021697998047, "event": "Request completed", "logger": "src.api.main", "level": "info", "timestamp": "2026-04-29T11:21:15.653110Z"}
2026-04-29 11:21:15 - [32msrc.api.main[0m - [32mINFO[0m - log_requests:122 - {"method": "GET", "url": "http://localhost:8000/aqi", "client_ip": "127.0.0.1", "event": "Request started", "logger": "src.api.main", "level": "info", "timestamp": "2026-04-29T11:21:15.656859Z"}
2026-04-29 11:21:15 - [32msrc.api.main[0m - [32mINFO[0m - log_requests:134 - {"method": "GET", "url": "http://localhost:8000/aqi", "status_code": 404, "process_time": 0.000751495361328125, "event": "Request completed", "logger": "src.api.main", "level": "info", "timestamp": "2026-04-29T11:21:15.657598Z"}
2026-04-29 11:21:15 - [32msrc.api.main[0m - [32mINFO[0m - log_requests:122 - {"method": "GET", "url": "http://localhost:8000/data?limit=168", "client_ip": "127.0.0.1", "event": "Request started", "logger": "src.api.main", "level": "info", "timestamp": "2026-04-29T11:21:15.664334Z"}
2026-04-29 11:21:15 - [32msrc.api.main[0m - [32mINFO[0m - log_requests:134 - {"method": "GET", "url": "http://localhost:8000/data?limit=168", "status_code": 404, "process_time": 0.0005726814270019531, "event": "Request completed", "logger": "src.api.main", "level": "info", "timestamp": "2026-04-29T11:21:15.664895Z"}
2026-04-29 11:22:10 - [32msrc.api.main[0m - [32mINFO[0m - log_requests:122 - {"method": "GET", "url": "http://localhost:8000/models", "client_ip": "127.0.0.1", "event": "Request started", "logger": "src.api.main", "level": "info", "timestamp": "2026-04-29T11:22:10.594749Z"}
2026-04-29 11:22:10 - [32msrc.api.main[0m - [32mINFO[0m - log_requests:134 - {"method": "GET", "url": "http://localhost:8000/models", "status_code": 404, "process_time": 0.0006442070007324219, "event": "Request completed", "logger": "src.api.main", "level": "info", "timestamp": "2026-04-29T11:22:10.595361Z"}
2026-04-29 11:22:25 - [32msrc.api.main[0m - [32mINFO[0m - log_requests:122 - {"method": "GET", "url": "http://localhost:8000/aqi", "client_ip": "127.0.0.1", "event": "Request started", "logger": "src.api.main", "level": "info", "timestamp": "2026-04-29T11:22:25.255008Z"}
2026-04-29 11:22:25 - [32msrc.api.main[0m - [32mINFO[0m - log_requests:134 - {"method": "GET", "url": "http://localhost:8000/aqi", "status_code": 404, "process_time": 0.0006558895111083984, "event": "Request completed", "logger": "src.api.main", "level": "info", "timestamp": "2026-04-29T11:22:25.255636Z"}
2026-04-29 11:22:25 - [32msrc.api.main[0m - [32mINFO[0m - log_requests:122 - {"method": "GET", "url": "http://localhost:8000/stats", "client_ip": "127.0.0.1", "event": "Request started", "logger": "src.api.main", "level": "info", "timestamp": "2026-04-29T11:22:25.259337Z"}
2026-04-29 11:22:25 - [32msrc.api.main[0m - [32mINFO[0m - log_requests:134 - {"method": "GET", "url": "http://localhost:8000/stats", "status_code": 404, "process_time": 0.0004661083221435547, "event": "Request completed", "logger": "src.api.main", "level": "info", "timestamp": "2026-04-29T11:22:25.259795Z"}
2026-04-29 11:27:40 - [32msrc.api.main[0m - [32mINFO[0m - log_requests:122 - {"method": "GET", "url": "https://localhost:8000/", "client_ip": "213.55.85.89", "event": "Request started", "logger": "src.api.main", "level": "info", "timestamp": "2026-04-29T11:27:40.116150Z"}
2026-04-29 11:27:40 - [32msrc.api.main[0m - [32mINFO[0m - log_requests:134 - {"method": "GET", "url": "https://localhost:8000/", "status_code": 200, "process_time": 0.0007839202880859375, "event": "Request completed", "logger": "src.api.main", "level": "info", "timestamp": "2026-04-29T11:27:40.116912Z"}
2026-04-29 11:27:43 - [32msrc.api.main[0m - [32mINFO[0m - log_requests:122 - {"method": "GET", "url": "https://localhost:8000/favicon.ico", "client_ip": "213.55.85.89", "event": "Request started", "logger": "src.api.main", "level": "info", "timestamp": "2026-04-29T11:27:43.183708Z"}
2026-04-29 11:27:43 - [32msrc.api.main[0m - [32mINFO[0m - log_requests:134 - {"method": "GET", "url": "https://localhost:8000/favicon.ico", "status_code": 404, "process_time": 0.0008940696716308594, "event": "Request completed", "logger": "src.api.main", "level": "info", "timestamp": "2026-04-29T11:27:43.184579Z"}
2026-04-29 11:29:21 - [32msrc.api.main[0m - [32mINFO[0m - log_requests:122 - {"method": "GET", "url": "https://localhost:8000/", "client_ip": "213.55.85.89", "event": "Request started", "logger": "src.api.main", "level": "info", "timestamp": "2026-04-29T11:29:21.616923Z"}
2026-04-29 11:29:21 - [32msrc.api.main[0m - [32mINFO[0m - log_requests:134 - {"method": "GET", "url": "https://localhost:8000/", "status_code": 200, "process_time": 0.0007746219635009766, "event": "Request completed", "logger": "src.api.main", "level": "info", "timestamp": "2026-04-29T11:29:21.617674Z"}
2026-04-29 11:29:54 - [32msrc.api.main[0m - [32mINFO[0m - log_requests:122 - {"method": "POST", "url": "http://127.0.0.1:8000/api/v1/pipeline/run", "client_ip": "127.0.0.1", "event": "Request started", "logger": "src.api.main", "level": "info", "timestamp": "2026-04-29T11:29:54.646119Z"}
2026-04-29 11:29:54 - [31msrc.api.main[0m - [31mERROR[0m - log_requests:149 - {"method": "POST", "url": "http://127.0.0.1:8000/api/v1/pipeline/run", "error": "'app'", "process_time": 0.0011057853698730469, "event": "Request failed", "logger": "src.api.main", "level": "error", "timestamp": "2026-04-29T11:29:54.647204Z"}
2026-04-29 11:29:54 - [31msrc.api.main[0m - [31mERROR[0m - general_exception_handler:185 - {"error": "'app'", "type": "KeyError", "event": "Unhandled exception", "logger": "src.api.main", "level": "error", "timestamp": "2026-04-29T11:29:54.647632Z"}
2026-04-29 11:30:48 - [32msrc.api.main[0m - [32mINFO[0m - lifespan:47 - {"event": "AirSense API shutting down", "logger": "src.api.main", "level": "info", "timestamp": "2026-04-29T11:30:48.803351Z"}
2026-04-29 11:31:05 - [32msrc.api.main[0m - [32mINFO[0m - lifespan:33 - {"version": "1.0.0", "event": "AirSense API starting up", "logger": "src.api.main", "level": "info", "timestamp": "2026-04-29T11:31:05.636636Z"}
2026-04-29 11:31:05 - [32msrc.api.main[0m - [32mINFO[0m - initialize_components:71 - {"event": "TimeSeriesForecaster initialized", "logger": "src.api.main", "level": "info", "timestamp": "2026-04-29T11:31:05.637256Z"}
2026-04-29 11:31:05 - [32msrc.data.processor[0m - [32mINFO[0m - _create_spark_session:59 - {"config": {"spark.app.name": "AirSense", "spark.sql.adaptive.enabled": "true", "spark.sql.adaptive.coalescePartitions.enabled": "true", "spark.sql.adaptive.advisoryPartitionSizeInBytes": "128MB", "spark.sql.execution.arrow.pyspark.enabled": "true", "spark.serializer": "org.apache.spark.serializer.KryoSerializer", "spark.executor.memory": "4g", "spark.driver.memory": "2g", "spark.executor.cores": "2"}, "event": "Creating Spark session", "logger": "src.data.processor", "level": "info", "timestamp": "2026-04-29T11:31:05.637586Z"}
2026-04-29 11:31:05 - [32msrc.api.main[0m - [32mINFO[0m - lifespan:33 - {"version": "1.0.0", "event": "AirSense API starting up", "logger": "src.api.main", "level": "info", "timestamp": "2026-04-29T11:31:05.687529Z"}
2026-04-29 11:31:05 - [32msrc.api.main[0m - [32mINFO[0m - initialize_components:71 - {"event": "TimeSeriesForecaster initialized", "logger": "src.api.main", "level": "info", "timestamp": "2026-04-29T11:31:05.688237Z"}
2026-04-29 11:31:05 - [32msrc.data.processor[0m - [32mINFO[0m - _create_spark_session:59 - {"config": {"spark.app.name": "AirSense", "spark.sql.adaptive.enabled": "true", "spark.sql.adaptive.coalescePartitions.enabled": "true", "spark.sql.adaptive.advisoryPartitionSizeInBytes": "128MB", "spark.sql.execution.arrow.pyspark.enabled": "true", "spark.serializer": "org.apache.spark.serializer.KryoSerializer", "spark.executor.memory": "4g", "spark.driver.memory": "2g", "spark.executor.cores": "2"}, "event": "Creating Spark session", "logger": "src.data.processor", "level": "info", "timestamp": "2026-04-29T11:31:05.688620Z"}
2026-04-29 11:31:05 - [32msrc.api.main[0m - [32mINFO[0m - lifespan:33 - {"version": "1.0.0", "event": "AirSense API starting up", "logger": "src.api.main", "level": "info", "timestamp": "2026-04-29T11:31:05.692410Z"}
2026-04-29 11:31:05 - [32msrc.api.main[0m - [32mINFO[0m - initialize_components:71 - {"event": "TimeSeriesForecaster initialized", "logger": "src.api.main", "level": "info", "timestamp": "2026-04-29T11:31:05.692878Z"}
2026-04-29 11:31:05 - [32msrc.data.processor[0m - [32mINFO[0m - _create_spark_session:59 - {"config": {"spark.app.name": "AirSense", "spark.sql.adaptive.enabled": "true", "spark.sql.adaptive.coalescePartitions.enabled": "true", "spark.sql.adaptive.advisoryPartitionSizeInBytes": "128MB", "spark.sql.execution.arrow.pyspark.enabled": "true", "spark.serializer": "org.apache.spark.serializer.KryoSerializer", "spark.executor.memory": "4g", "spark.driver.memory": "2g", "spark.executor.cores": "2"}, "event": "Creating Spark session", "logger": "src.data.processor", "level": "info", "timestamp": "2026-04-29T11:31:05.693374Z"}
2026-04-29 11:31:25 - [32msrc.data.processor[0m - [32mINFO[0m - _create_spark_session:72 - {"event": "Spark session created successfully", "logger": "src.data.processor", "level": "info", "timestamp": "2026-04-29T11:31:25.872682Z"}
2026-04-29 11:31:25 - [32msrc.api.main[0m - [32mINFO[0m - initialize_components:80 - {"event": "SparkDataProcessor initialized", "logger": "src.api.main", "level": "info", "timestamp": "2026-04-29T11:31:25.873466Z"}
2026-04-29 11:31:25 - [32msrc.api.main[0m - [32mINFO[0m - initialize_components:89 - {"event": "Components initialized successfully", "logger": "src.api.main", "level": "info", "timestamp": "2026-04-29T11:31:25.873662Z"}
2026-04-29 11:31:25 - [32msrc.api.main[0m - [32mINFO[0m - lifespan:38 - {"event": "AirSense API startup completed", "logger": "src.api.main", "level": "info", "timestamp": "2026-04-29T11:31:25.873901Z"}
2026-04-29 11:31:25 - [32msrc.data.processor[0m - [32mINFO[0m - _create_spark_session:72 - {"event": "Spark session created successfully", "logger": "src.data.processor", "level": "info", "timestamp": "2026-04-29T11:31:25.917964Z"}
2026-04-29 11:31:25 - [32msrc.api.main[0m - [32mINFO[0m - initialize_components:80 - {"event": "SparkDataProcessor initialized", "logger": "src.api.main", "level": "info", "timestamp": "2026-04-29T11:31:25.918547Z"}
2026-04-29 11:31:25 - [32msrc.api.main[0m - [32mINFO[0m - initialize_components:89 - {"event": "Components initialized successfully", "logger": "src.api.main", "level": "info", "timestamp": "2026-04-29T11:31:25.918881Z"}
2026-04-29 11:31:25 - [32msrc.api.main[0m - [32mINFO[0m - lifespan:38 - {"event": "AirSense API startup completed", "logger": "src.api.main", "level": "info", "timestamp": "2026-04-29T11:31:25.919199Z"}
2026-04-29 11:31:25 - [32mpy4j.clientserver[0m - [32mINFO[0m - close:570 - Closing down clientserver connection
2026-04-29 11:31:25 - [32msrc.api.main[0m - [32mINFO[0m - lifespan:47 - {"event": "AirSense API shutting down", "logger": "src.api.main", "level": "info", "timestamp": "2026-04-29T11:31:25.978109Z"}
2026-04-29 11:31:36 - [32msrc.api.main[0m - [32mINFO[0m - lifespan:33 - {"version": "1.0.0", "event": "AirSense API starting up", "logger": "src.api.main", "level": "info", "timestamp": "2026-04-29T11:31:36.919906Z"}
2026-04-29 11:31:36 - [32msrc.api.main[0m - [32mINFO[0m - initialize_components:71 - {"event": "TimeSeriesForecaster initialized", "logger": "src.api.main", "level": "info", "timestamp": "2026-04-29T11:31:36.923696Z"}
2026-04-29 11:31:36 - [32msrc.data.processor[0m - [32mINFO[0m - _create_spark_session:59 - {"config": {"spark.app.name": "AirSense", "spark.sql.adaptive.enabled": "true", "spark.sql.adaptive.coalescePartitions.enabled": "true", "spark.sql.adaptive.advisoryPartitionSizeInBytes": "128MB", "spark.sql.execution.arrow.pyspark.enabled": "true", "spark.serializer": "org.apache.spark.serializer.KryoSerializer", "spark.executor.memory": "4g", "spark.driver.memory": "2g", "spark.executor.cores": "2"}, "event": "Creating Spark session", "logger": "src.data.processor", "level": "info", "timestamp": "2026-04-29T11:31:36.924100Z"}
2026-04-29 11:31:38 - [32msrc.api.main[0m - [32mINFO[0m - lifespan:33 - {"version": "1.0.0", "event": "AirSense API starting up", "logger": "src.api.main", "level": "info", "timestamp": "2026-04-29T11:31:38.179467Z"}
2026-04-29 11:31:38 - [32msrc.api.main[0m - [32mINFO[0m - initialize_components:71 - {"event": "TimeSeriesForecaster initialized", "logger": "src.api.main", "level": "info", "timestamp": "2026-04-29T11:31:38.180204Z"}
2026-04-29 11:31:38 - [32msrc.data.processor[0m - [32mINFO[0m - _create_spark_session:59 - {"config": {"spark.app.name": "AirSense", "spark.sql.adaptive.enabled": "true", "spark.sql.adaptive.coalescePartitions.enabled": "true", "spark.sql.adaptive.advisoryPartitionSizeInBytes": "128MB", "spark.sql.execution.arrow.pyspark.enabled": "true", "spark.serializer": "org.apache.spark.serializer.KryoSerializer", "spark.executor.memory": "4g", "spark.driver.memory": "2g", "spark.executor.cores": "2"}, "event": "Creating Spark session", "logger": "src.data.processor", "level": "info", "timestamp": "2026-04-29T11:31:38.180608Z"}
2026-04-29 11:31:53 - [32msrc.data.processor[0m - [32mINFO[0m - _create_spark_session:72 - {"event": "Spark session created successfully", "logger": "src.data.processor", "level": "info", "timestamp": "2026-04-29T11:31:53.813525Z"}
2026-04-29 11:31:53 - [32msrc.api.main[0m - [32mINFO[0m - initialize_components:80 - {"event": "SparkDataProcessor initialized", "logger": "src.api.main", "level": "info", "timestamp": "2026-04-29T11:31:53.816571Z"}
2026-04-29 11:31:53 - [32msrc.api.main[0m - [32mINFO[0m - initialize_components:89 - {"event": "Components initialized successfully", "logger": "src.api.main", "level": "info", "timestamp": "2026-04-29T11:31:53.816815Z"}
2026-04-29 11:31:53 - [32msrc.api.main[0m - [32mINFO[0m - lifespan:38 - {"event": "AirSense API startup completed", "logger": "src.api.main", "level": "info", "timestamp": "2026-04-29T11:31:53.817024Z"}
2026-04-29 11:31:53 - [32msrc.data.processor[0m - [32mINFO[0m - _create_spark_session:72 - {"event": "Spark session created successfully", "logger": "src.data.processor", "level": "info", "timestamp": "2026-04-29T11:31:53.903164Z"}
2026-04-29 11:31:53 - [32msrc.api.main[0m - [32mINFO[0m - initialize_components:80 - {"event": "SparkDataProcessor initialized", "logger": "src.api.main", "level": "info", "timestamp": "2026-04-29T11:31:53.903821Z"}
2026-04-29 11:31:53 - [32msrc.api.main[0m - [32mINFO[0m - initialize_components:89 - {"event": "Components initialized successfully", "logger": "src.api.main", "level": "info", "timestamp": "2026-04-29T11:31:53.904095Z"}
2026-04-29 11:31:53 - [32msrc.api.main[0m - [32mINFO[0m - lifespan:38 - {"event": "AirSense API startup completed", "logger": "src.api.main", "level": "info", "timestamp": "2026-04-29T11:31:53.904343Z"}
2026-04-29 11:31:53 - [32mpy4j.clientserver[0m - [32mINFO[0m - close:570 - Closing down clientserver connection
2026-04-29 11:33:32 - [32msrc.api.main[0m - [32mINFO[0m - lifespan:47 - {"event": "AirSense API shutting down", "logger": "src.api.main", "level": "info", "timestamp": "2026-04-29T11:33:32.328693Z"}
2026-04-29 11:33:44 - [32msrc.api.main[0m - [32mINFO[0m - lifespan:33 - {"version": "1.0.0", "event": "AirSense API starting up", "logger": "src.api.main", "level": "info", "timestamp": "2026-04-29T11:33:44.395260Z"}
2026-04-29 11:33:44 - [32msrc.api.main[0m - [32mINFO[0m - initialize_components:71 - {"event": "TimeSeriesForecaster initialized", "logger": "src.api.main", "level": "info", "timestamp": "2026-04-29T11:33:44.395931Z"}
2026-04-29 11:33:44 - [32msrc.data.processor[0m - [32mINFO[0m - _create_spark_session:59 - {"config": {"spark.app.name": "AirSense", "spark.sql.adaptive.enabled": "true", "spark.sql.adaptive.coalescePartitions.enabled": "true", "spark.sql.adaptive.advisoryPartitionSizeInBytes": "128MB", "spark.sql.execution.arrow.pyspark.enabled": "true", "spark.serializer": "org.apache.spark.serializer.KryoSerializer", "spark.executor.memory": "4g", "spark.driver.memory": "2g", "spark.executor.cores": "2"}, "event": "Creating Spark session", "logger": "src.data.processor", "level": "info", "timestamp": "2026-04-29T11:33:44.396281Z"}
2026-04-29 11:33:44 - [32msrc.api.main[0m - [32mINFO[0m - lifespan:33 - {"version": "1.0.0", "event": "AirSense API starting up", "logger": "src.api.main", "level": "info", "timestamp": "2026-04-29T11:33:44.773953Z"}
2026-04-29 11:33:44 - [32msrc.api.main[0m - [32mINFO[0m - initialize_components:71 - {"event": "TimeSeriesForecaster initialized", "logger": "src.api.main", "level": "info", "timestamp": "2026-04-29T11:33:44.777711Z"}
2026-04-29 11:33:44 - [32msrc.data.processor[0m - [32mINFO[0m - _create_spark_session:59 - {"config": {"spark.app.name": "AirSense", "spark.sql.adaptive.enabled": "true", "spark.sql.adaptive.coalescePartitions.enabled": "true", "spark.sql.adaptive.advisoryPartitionSizeInBytes": "128MB", "spark.sql.execution.arrow.pyspark.enabled": "true", "spark.serializer": "org.apache.spark.serializer.KryoSerializer", "spark.executor.memory": "4g", "spark.driver.memory": "2g", "spark.executor.cores": "2"}, "event": "Creating Spark session", "logger": "src.data.processor", "level": "info", "timestamp": "2026-04-29T11:33:44.778345Z"}
2026-04-29 11:34:02 - [32msrc.data.processor[0m - [32mINFO[0m - _create_spark_session:72 - {"event": "Spark session created successfully", "logger": "src.data.processor", "level": "info", "timestamp": "2026-04-29T11:34:02.538659Z"}
2026-04-29 11:34:02 - [32msrc.api.main[0m - [32mINFO[0m - initialize_components:80 - {"event": "SparkDataProcessor initialized", "logger": "src.api.main", "level": "info", "timestamp": "2026-04-29T11:34:02.539303Z"}
2026-04-29 11:34:02 - [32msrc.api.main[0m - [32mINFO[0m - initialize_components:89 - {"event": "Components initialized successfully", "logger": "src.api.main", "level": "info", "timestamp": "2026-04-29T11:34:02.541628Z"}
2026-04-29 11:34:02 - [32msrc.api.main[0m - [32mINFO[0m - lifespan:38 - {"event": "AirSense API startup completed", "logger": "src.api.main", "level": "info", "timestamp": "2026-04-29T11:34:02.541911Z"}
2026-04-29 11:34:02 - [32mpy4j.clientserver[0m - [32mINFO[0m - close:570 - Closing down clientserver connection
2026-04-29 11:34:02 - [32msrc.data.processor[0m - [32mINFO[0m - _create_spark_session:72 - {"event": "Spark session created successfully", "logger": "src.data.processor", "level": "info", "timestamp": "2026-04-29T11:34:02.775000Z"}
2026-04-29 11:34:02 - [32msrc.api.main[0m - [32mINFO[0m - initialize_components:80 - {"event": "SparkDataProcessor initialized", "logger": "src.api.main", "level": "info", "timestamp": "2026-04-29T11:34:02.775626Z"}
2026-04-29 11:34:02 - [32msrc.api.main[0m - [32mINFO[0m - initialize_components:89 - {"event": "Components initialized successfully", "logger": "src.api.main", "level": "info", "timestamp": "2026-04-29T11:34:02.776026Z"}
2026-04-29 11:34:02 - [32msrc.api.main[0m - [32mINFO[0m - lifespan:38 - {"event": "AirSense API startup completed", "logger": "src.api.main", "level": "info", "timestamp": "2026-04-29T11:34:02.776345Z"}
2026-04-29 11:34:24 - [32msrc.api.main[0m - [32mINFO[0m - lifespan:47 - {"event": "AirSense API shutting down", "logger": "src.api.main", "level": "info", "timestamp": "2026-04-29T11:34:24.184254Z"}
